This is pdfTeX, Version 3.14159265-2.6-1.40.21 (MiKTeX 20.6.29) (preloaded format=pdflatex 2020.9.1)  19 NOV 2022 12:20
entering extended mode
**./monte_carlo_report.tex
(monte_carlo_report.tex
LaTeX2e <2020-02-02> patch level 5
L3 programming layer <2020-06-18>
(D:\Programms_not_in_C\MIKTEXT\tex/latex/base\book.cls
Document Class: book 2019/12/20 v1.4l Standard LaTeX document class
(D:\Programms_not_in_C\MIKTEXT\tex/latex/base\bk10.clo
File: bk10.clo 2019/12/20 v1.4l Standard LaTeX file (size option)
)
\c@part=\count167
\c@chapter=\count168
\c@section=\count169
\c@subsection=\count170
\c@subsubsection=\count171
\c@paragraph=\count172
\c@subparagraph=\count173
\c@figure=\count174
\c@table=\count175
\abovecaptionskip=\skip47
\belowcaptionskip=\skip48
\bibindent=\dimen134
)
(D:\Programms_not_in_C\MIKTEXT\tex/latex/greek-fontenc\alphabeta.sty
Package: alphabeta 2020/02/28 v0.14 macros for Greek letters in text and math

(D:\Programms_not_in_C\MIKTEXT\tex/latex/greek-fontenc\textalpha.sty
Package: textalpha 2020/02/28 v0.14 macros for Greek letters in text

(D:\Programms_not_in_C\MIKTEXT\tex/latex/greek-fontenc\lgrenc.def
File: lgrenc.def 2019/07/09 v0.13.3 LGR Greek font encoding definitions
Now handling font encoding LGR ...
... processing UTF-8 mapping file for font encoding LGR

(D:\Programms_not_in_C\MIKTEXT\tex/latex/greek-inputenc\lgrenc.dfu
File: lgrenc.dfu 2019/07/11 1.7 UTF-8 support for Greek
   defining Unicode char U+00A8 (decimal 168)
   defining Unicode char U+00AB (decimal 171)
   defining Unicode char U+00AF (decimal 175)
   defining Unicode char U+00B4 (decimal 180)
   defining Unicode char U+00B7 (decimal 183)
   defining Unicode char U+00BB (decimal 187)
   defining Unicode char U+0259 (decimal 601)
   defining Unicode char U+02D8 (decimal 728)
   defining Unicode char U+0374 (decimal 884)
   defining Unicode char U+0375 (decimal 885)
   defining Unicode char U+037A (decimal 890)
   defining Unicode char U+037E (decimal 894)
   defining Unicode char U+0384 (decimal 900)
   defining Unicode char U+0385 (decimal 901)
   defining Unicode char U+0386 (decimal 902)
   defining Unicode char U+0387 (decimal 903)
   defining Unicode char U+0388 (decimal 904)
   defining Unicode char U+0389 (decimal 905)
   defining Unicode char U+038A (decimal 906)
   defining Unicode char U+038C (decimal 908)
   defining Unicode char U+038E (decimal 910)
   defining Unicode char U+038F (decimal 911)
   defining Unicode char U+0390 (decimal 912)
   defining Unicode char U+0391 (decimal 913)
   defining Unicode char U+0392 (decimal 914)
   defining Unicode char U+0393 (decimal 915)
   defining Unicode char U+0394 (decimal 916)
   defining Unicode char U+0395 (decimal 917)
   defining Unicode char U+0396 (decimal 918)
   defining Unicode char U+0397 (decimal 919)
   defining Unicode char U+0398 (decimal 920)
   defining Unicode char U+0399 (decimal 921)
   defining Unicode char U+039A (decimal 922)
   defining Unicode char U+039B (decimal 923)
   defining Unicode char U+039C (decimal 924)
   defining Unicode char U+039D (decimal 925)
   defining Unicode char U+039E (decimal 926)
   defining Unicode char U+039F (decimal 927)
   defining Unicode char U+03A0 (decimal 928)
   defining Unicode char U+03A1 (decimal 929)
   defining Unicode char U+03A3 (decimal 931)
   defining Unicode char U+03A4 (decimal 932)
   defining Unicode char U+03A5 (decimal 933)
   defining Unicode char U+03A6 (decimal 934)
   defining Unicode char U+03A7 (decimal 935)
   defining Unicode char U+03A8 (decimal 936)
   defining Unicode char U+03A9 (decimal 937)
   defining Unicode char U+03AA (decimal 938)
   defining Unicode char U+03AB (decimal 939)
   defining Unicode char U+03AC (decimal 940)
   defining Unicode char U+03AD (decimal 941)
   defining Unicode char U+03AE (decimal 942)
   defining Unicode char U+03AF (decimal 943)
   defining Unicode char U+03B0 (decimal 944)
   defining Unicode char U+03B1 (decimal 945)
   defining Unicode char U+03B2 (decimal 946)
   defining Unicode char U+03B3 (decimal 947)
   defining Unicode char U+03B4 (decimal 948)
   defining Unicode char U+03B5 (decimal 949)
   defining Unicode char U+03B6 (decimal 950)
   defining Unicode char U+03B7 (decimal 951)
   defining Unicode char U+03B8 (decimal 952)
   defining Unicode char U+03B9 (decimal 953)
   defining Unicode char U+03BA (decimal 954)
   defining Unicode char U+03BB (decimal 955)
   defining Unicode char U+03BC (decimal 956)
   defining Unicode char U+03BD (decimal 957)
   defining Unicode char U+03BE (decimal 958)
   defining Unicode char U+03BF (decimal 959)
   defining Unicode char U+03C0 (decimal 960)
   defining Unicode char U+03C1 (decimal 961)
   defining Unicode char U+03C2 (decimal 962)
   defining Unicode char U+03C3 (decimal 963)
   defining Unicode char U+03C4 (decimal 964)
   defining Unicode char U+03C5 (decimal 965)
   defining Unicode char U+03C6 (decimal 966)
   defining Unicode char U+03C7 (decimal 967)
   defining Unicode char U+03C8 (decimal 968)
   defining Unicode char U+03C9 (decimal 969)
   defining Unicode char U+03CA (decimal 970)
   defining Unicode char U+03CB (decimal 971)
   defining Unicode char U+03CC (decimal 972)
   defining Unicode char U+03CD (decimal 973)
   defining Unicode char U+03CE (decimal 974)
   defining Unicode char U+03D0 (decimal 976)
   defining Unicode char U+03D1 (decimal 977)
   defining Unicode char U+03D5 (decimal 981)
   defining Unicode char U+03D6 (decimal 982)
   defining Unicode char U+03D8 (decimal 984)
   defining Unicode char U+03D9 (decimal 985)
   defining Unicode char U+03DA (decimal 986)
   defining Unicode char U+03DB (decimal 987)
   defining Unicode char U+03DC (decimal 988)
   defining Unicode char U+03DD (decimal 989)
   defining Unicode char U+03DF (decimal 991)
   defining Unicode char U+03E0 (decimal 992)
   defining Unicode char U+03E1 (decimal 993)
   defining Unicode char U+03F0 (decimal 1008)
   defining Unicode char U+03F1 (decimal 1009)
   defining Unicode char U+03F4 (decimal 1012)
   defining Unicode char U+03F5 (decimal 1013)
   defining Unicode char U+1F00 (decimal 7936)
   defining Unicode char U+1F01 (decimal 7937)
   defining Unicode char U+1F02 (decimal 7938)
   defining Unicode char U+1F03 (decimal 7939)
   defining Unicode char U+1F04 (decimal 7940)
   defining Unicode char U+1F05 (decimal 7941)
   defining Unicode char U+1F06 (decimal 7942)
   defining Unicode char U+1F07 (decimal 7943)
   defining Unicode char U+1F08 (decimal 7944)
   defining Unicode char U+1F09 (decimal 7945)
   defining Unicode char U+1F0A (decimal 7946)
   defining Unicode char U+1F0B (decimal 7947)
   defining Unicode char U+1F0C (decimal 7948)
   defining Unicode char U+1F0D (decimal 7949)
   defining Unicode char U+1F0E (decimal 7950)
   defining Unicode char U+1F0F (decimal 7951)
   defining Unicode char U+1F10 (decimal 7952)
   defining Unicode char U+1F11 (decimal 7953)
   defining Unicode char U+1F12 (decimal 7954)
   defining Unicode char U+1F13 (decimal 7955)
   defining Unicode char U+1F14 (decimal 7956)
   defining Unicode char U+1F15 (decimal 7957)
   defining Unicode char U+1F18 (decimal 7960)
   defining Unicode char U+1F19 (decimal 7961)
   defining Unicode char U+1F1A (decimal 7962)
   defining Unicode char U+1F1B (decimal 7963)
   defining Unicode char U+1F1C (decimal 7964)
   defining Unicode char U+1F1D (decimal 7965)
   defining Unicode char U+1F20 (decimal 7968)
   defining Unicode char U+1F21 (decimal 7969)
   defining Unicode char U+1F22 (decimal 7970)
   defining Unicode char U+1F23 (decimal 7971)
   defining Unicode char U+1F24 (decimal 7972)
   defining Unicode char U+1F25 (decimal 7973)
   defining Unicode char U+1F26 (decimal 7974)
   defining Unicode char U+1F27 (decimal 7975)
   defining Unicode char U+1F28 (decimal 7976)
   defining Unicode char U+1F29 (decimal 7977)
   defining Unicode char U+1F2A (decimal 7978)
   defining Unicode char U+1F2B (decimal 7979)
   defining Unicode char U+1F2C (decimal 7980)
   defining Unicode char U+1F2D (decimal 7981)
   defining Unicode char U+1F2E (decimal 7982)
   defining Unicode char U+1F2F (decimal 7983)
   defining Unicode char U+1F30 (decimal 7984)
   defining Unicode char U+1F31 (decimal 7985)
   defining Unicode char U+1F32 (decimal 7986)
   defining Unicode char U+1F33 (decimal 7987)
   defining Unicode char U+1F34 (decimal 7988)
   defining Unicode char U+1F35 (decimal 7989)
   defining Unicode char U+1F36 (decimal 7990)
   defining Unicode char U+1F37 (decimal 7991)
   defining Unicode char U+1F38 (decimal 7992)
   defining Unicode char U+1F39 (decimal 7993)
   defining Unicode char U+1F3A (decimal 7994)
   defining Unicode char U+1F3B (decimal 7995)
   defining Unicode char U+1F3C (decimal 7996)
   defining Unicode char U+1F3D (decimal 7997)
   defining Unicode char U+1F3E (decimal 7998)
   defining Unicode char U+1F3F (decimal 7999)
   defining Unicode char U+1F40 (decimal 8000)
   defining Unicode char U+1F41 (decimal 8001)
   defining Unicode char U+1F42 (decimal 8002)
   defining Unicode char U+1F43 (decimal 8003)
   defining Unicode char U+1F44 (decimal 8004)
   defining Unicode char U+1F45 (decimal 8005)
   defining Unicode char U+1F48 (decimal 8008)
   defining Unicode char U+1F49 (decimal 8009)
   defining Unicode char U+1F4A (decimal 8010)
   defining Unicode char U+1F4B (decimal 8011)
   defining Unicode char U+1F4C (decimal 8012)
   defining Unicode char U+1F4D (decimal 8013)
   defining Unicode char U+1F50 (decimal 8016)
   defining Unicode char U+1F51 (decimal 8017)
   defining Unicode char U+1F52 (decimal 8018)
   defining Unicode char U+1F53 (decimal 8019)
   defining Unicode char U+1F54 (decimal 8020)
   defining Unicode char U+1F55 (decimal 8021)
   defining Unicode char U+1F56 (decimal 8022)
   defining Unicode char U+1F57 (decimal 8023)
   defining Unicode char U+1F59 (decimal 8025)
   defining Unicode char U+1F5B (decimal 8027)
   defining Unicode char U+1F5D (decimal 8029)
   defining Unicode char U+1F5F (decimal 8031)
   defining Unicode char U+1F60 (decimal 8032)
   defining Unicode char U+1F61 (decimal 8033)
   defining Unicode char U+1F62 (decimal 8034)
   defining Unicode char U+1F63 (decimal 8035)
   defining Unicode char U+1F64 (decimal 8036)
   defining Unicode char U+1F65 (decimal 8037)
   defining Unicode char U+1F66 (decimal 8038)
   defining Unicode char U+1F67 (decimal 8039)
   defining Unicode char U+1F68 (decimal 8040)
   defining Unicode char U+1F69 (decimal 8041)
   defining Unicode char U+1F6A (decimal 8042)
   defining Unicode char U+1F6B (decimal 8043)
   defining Unicode char U+1F6C (decimal 8044)
   defining Unicode char U+1F6D (decimal 8045)
   defining Unicode char U+1F6E (decimal 8046)
   defining Unicode char U+1F6F (decimal 8047)
   defining Unicode char U+1F70 (decimal 8048)
   defining Unicode char U+1F71 (decimal 8049)
   defining Unicode char U+1F72 (decimal 8050)
   defining Unicode char U+1F73 (decimal 8051)
   defining Unicode char U+1F74 (decimal 8052)
   defining Unicode char U+1F75 (decimal 8053)
   defining Unicode char U+1F76 (decimal 8054)
   defining Unicode char U+1F77 (decimal 8055)
   defining Unicode char U+1F78 (decimal 8056)
   defining Unicode char U+1F79 (decimal 8057)
   defining Unicode char U+1F7A (decimal 8058)
   defining Unicode char U+1F7B (decimal 8059)
   defining Unicode char U+1F7C (decimal 8060)
   defining Unicode char U+1F7D (decimal 8061)
   defining Unicode char U+1F80 (decimal 8064)
   defining Unicode char U+1F81 (decimal 8065)
   defining Unicode char U+1F82 (decimal 8066)
   defining Unicode char U+1F83 (decimal 8067)
   defining Unicode char U+1F84 (decimal 8068)
   defining Unicode char U+1F85 (decimal 8069)
   defining Unicode char U+1F86 (decimal 8070)
   defining Unicode char U+1F87 (decimal 8071)
   defining Unicode char U+1F88 (decimal 8072)
   defining Unicode char U+1F89 (decimal 8073)
   defining Unicode char U+1F8A (decimal 8074)
   defining Unicode char U+1F8B (decimal 8075)
   defining Unicode char U+1F8C (decimal 8076)
   defining Unicode char U+1F8D (decimal 8077)
   defining Unicode char U+1F8E (decimal 8078)
   defining Unicode char U+1F8F (decimal 8079)
   defining Unicode char U+1F90 (decimal 8080)
   defining Unicode char U+1F91 (decimal 8081)
   defining Unicode char U+1F92 (decimal 8082)
   defining Unicode char U+1F93 (decimal 8083)
   defining Unicode char U+1F94 (decimal 8084)
   defining Unicode char U+1F95 (decimal 8085)
   defining Unicode char U+1F96 (decimal 8086)
   defining Unicode char U+1F97 (decimal 8087)
   defining Unicode char U+1F98 (decimal 8088)
   defining Unicode char U+1F99 (decimal 8089)
   defining Unicode char U+1F9A (decimal 8090)
   defining Unicode char U+1F9B (decimal 8091)
   defining Unicode char U+1F9C (decimal 8092)
   defining Unicode char U+1F9D (decimal 8093)
   defining Unicode char U+1F9E (decimal 8094)
   defining Unicode char U+1F9F (decimal 8095)
   defining Unicode char U+1FA0 (decimal 8096)
   defining Unicode char U+1FA1 (decimal 8097)
   defining Unicode char U+1FA2 (decimal 8098)
   defining Unicode char U+1FA3 (decimal 8099)
   defining Unicode char U+1FA4 (decimal 8100)
   defining Unicode char U+1FA5 (decimal 8101)
   defining Unicode char U+1FA6 (decimal 8102)
   defining Unicode char U+1FA7 (decimal 8103)
   defining Unicode char U+1FA8 (decimal 8104)
   defining Unicode char U+1FA9 (decimal 8105)
   defining Unicode char U+1FAA (decimal 8106)
   defining Unicode char U+1FAB (decimal 8107)
   defining Unicode char U+1FAC (decimal 8108)
   defining Unicode char U+1FAD (decimal 8109)
   defining Unicode char U+1FAE (decimal 8110)
   defining Unicode char U+1FAF (decimal 8111)
   defining Unicode char U+1FB0 (decimal 8112)
   defining Unicode char U+1FB1 (decimal 8113)
   defining Unicode char U+1FB2 (decimal 8114)
   defining Unicode char U+1FB3 (decimal 8115)
   defining Unicode char U+1FB4 (decimal 8116)
   defining Unicode char U+1FB6 (decimal 8118)
   defining Unicode char U+1FB7 (decimal 8119)
   defining Unicode char U+1FB8 (decimal 8120)
   defining Unicode char U+1FB9 (decimal 8121)
   defining Unicode char U+1FBA (decimal 8122)
   defining Unicode char U+1FBB (decimal 8123)
   defining Unicode char U+1FBC (decimal 8124)
   defining Unicode char U+1FBD (decimal 8125)
   defining Unicode char U+1FBE (decimal 8126)
   defining Unicode char U+1FBF (decimal 8127)
   defining Unicode char U+1FC0 (decimal 8128)
   defining Unicode char U+1FC1 (decimal 8129)
   defining Unicode char U+1FC2 (decimal 8130)
   defining Unicode char U+1FC3 (decimal 8131)
   defining Unicode char U+1FC4 (decimal 8132)
   defining Unicode char U+1FC6 (decimal 8134)
   defining Unicode char U+1FC7 (decimal 8135)
   defining Unicode char U+1FC8 (decimal 8136)
   defining Unicode char U+1FC9 (decimal 8137)
   defining Unicode char U+1FCA (decimal 8138)
   defining Unicode char U+1FCB (decimal 8139)
   defining Unicode char U+1FCC (decimal 8140)
   defining Unicode char U+1FCD (decimal 8141)
   defining Unicode char U+1FCE (decimal 8142)
   defining Unicode char U+1FCF (decimal 8143)
   defining Unicode char U+1FD0 (decimal 8144)
   defining Unicode char U+1FD1 (decimal 8145)
   defining Unicode char U+1FD2 (decimal 8146)
   defining Unicode char U+1FD3 (decimal 8147)
   defining Unicode char U+1FD6 (decimal 8150)
   defining Unicode char U+1FD7 (decimal 8151)
   defining Unicode char U+1FD8 (decimal 8152)
   defining Unicode char U+1FD9 (decimal 8153)
   defining Unicode char U+1FDA (decimal 8154)
   defining Unicode char U+1FDB (decimal 8155)
   defining Unicode char U+1FDD (decimal 8157)
   defining Unicode char U+1FDE (decimal 8158)
   defining Unicode char U+1FDF (decimal 8159)
   defining Unicode char U+1FE0 (decimal 8160)
   defining Unicode char U+1FE1 (decimal 8161)
   defining Unicode char U+1FE2 (decimal 8162)
   defining Unicode char U+1FE3 (decimal 8163)
   defining Unicode char U+1FE4 (decimal 8164)
   defining Unicode char U+1FE5 (decimal 8165)
   defining Unicode char U+1FE6 (decimal 8166)
   defining Unicode char U+1FE7 (decimal 8167)
   defining Unicode char U+1FE8 (decimal 8168)
   defining Unicode char U+1FE9 (decimal 8169)
   defining Unicode char U+1FEA (decimal 8170)
   defining Unicode char U+1FEB (decimal 8171)
   defining Unicode char U+1FEC (decimal 8172)
   defining Unicode char U+1FED (decimal 8173)
   defining Unicode char U+1FEE (decimal 8174)
   defining Unicode char U+1FEF (decimal 8175)
   defining Unicode char U+1FF2 (decimal 8178)
   defining Unicode char U+1FF3 (decimal 8179)
   defining Unicode char U+1FF4 (decimal 8180)
   defining Unicode char U+1FF6 (decimal 8182)
   defining Unicode char U+1FF7 (decimal 8183)
   defining Unicode char U+1FF8 (decimal 8184)
   defining Unicode char U+1FF9 (decimal 8185)
   defining Unicode char U+1FFA (decimal 8186)
   defining Unicode char U+1FFB (decimal 8187)
   defining Unicode char U+1FFC (decimal 8188)
   defining Unicode char U+1FFD (decimal 8189)
   defining Unicode char U+1FFE (decimal 8190)
   defining Unicode char U+2013 (decimal 8211)
   defining Unicode char U+2014 (decimal 8212)
   defining Unicode char U+2018 (decimal 8216)
   defining Unicode char U+2019 (decimal 8217)
   defining Unicode char U+201A (decimal 8218)
   defining Unicode char U+2030 (decimal 8240)
   defining Unicode char U+2039 (decimal 8249)
   defining Unicode char U+203A (decimal 8250)
   defining Unicode char U+20AC (decimal 8364)
   defining Unicode char U+2126 (decimal 8486)
   defining Unicode char U+10144 (decimal 65860)
   defining Unicode char U+10145 (decimal 65861)
   defining Unicode char U+10146 (decimal 65862)
   defining Unicode char U+10147 (decimal 65863)
)
(D:\Programms_not_in_C\MIKTEXT\tex/latex/greek-fontenc\greek-fontenc.def
File: greek-fontenc.def 2015/08/04 v0.13.4 Common Greek font encoding definitio
ns
))))
(D:\Programms_not_in_C\MIKTEXT\tex/latex/enumitem\enumitem.sty
Package: enumitem 2019/06/20 v3.9 Customized lists
\enitkv@toks@=\toks15
\labelindent=\skip49
\enit@outerparindent=\dimen135
\enit@toks=\toks16
\enit@inbox=\box45
\enit@count@id=\count176
\enitdp@description=\count177
)
(D:\Programms_not_in_C\MIKTEXT\tex/latex/mathtools\mathtools.sty
Package: mathtools 2020/03/24 v1.24 mathematical typesetting tools

(D:\Programms_not_in_C\MIKTEXT\tex/latex/graphics\keyval.sty
Package: keyval 2014/10/28 v1.15 key=value parser (DPC)
\KV@toks@=\toks17
)
(D:\Programms_not_in_C\MIKTEXT\tex/latex/tools\calc.sty
Package: calc 2017/05/25 v4.3 Infix arithmetic (KKT,FJ)
\calc@Acount=\count178
\calc@Bcount=\count179
\calc@Adimen=\dimen136
\calc@Bdimen=\dimen137
\calc@Askip=\skip50
\calc@Bskip=\skip51
LaTeX Info: Redefining \setlength on input line 80.
LaTeX Info: Redefining \addtolength on input line 81.
\calc@Ccount=\count180
\calc@Cskip=\skip52
)
(D:\Programms_not_in_C\MIKTEXT\tex/latex/mathtools\mhsetup.sty
Package: mhsetup 2017/03/31 v1.3 programming setup (MH)
)
(D:\Programms_not_in_C\MIKTEXT\tex/latex/amsmath\amsmath.sty
Package: amsmath 2020/01/20 v2.17e AMS math features
\@mathmargin=\skip53

For additional information on amsmath, use the `?' option.
(D:\Programms_not_in_C\MIKTEXT\tex/latex/amsmath\amstext.sty
Package: amstext 2000/06/29 v2.01 AMS text

(D:\Programms_not_in_C\MIKTEXT\tex/latex/amsmath\amsgen.sty
File: amsgen.sty 1999/11/30 v2.0 generic functions
\@emptytoks=\toks18
\ex@=\dimen138
))
(D:\Programms_not_in_C\MIKTEXT\tex/latex/amsmath\amsbsy.sty
Package: amsbsy 1999/11/29 v1.2d Bold Symbols
\pmbraise@=\dimen139
)
(D:\Programms_not_in_C\MIKTEXT\tex/latex/amsmath\amsopn.sty
Package: amsopn 2016/03/08 v2.02 operator names
)
\inf@bad=\count181
LaTeX Info: Redefining \frac on input line 227.
\uproot@=\count182
\leftroot@=\count183
LaTeX Info: Redefining \overline on input line 389.
\classnum@=\count184
\DOTSCASE@=\count185
LaTeX Info: Redefining \ldots on input line 486.
LaTeX Info: Redefining \dots on input line 489.
LaTeX Info: Redefining \cdots on input line 610.
\Mathstrutbox@=\box46
\strutbox@=\box47
\big@size=\dimen140
LaTeX Font Info:    Redeclaring font encoding OML on input line 733.
LaTeX Font Info:    Redeclaring font encoding OMS on input line 734.
\macc@depth=\count186
\c@MaxMatrixCols=\count187
\dotsspace@=\muskip16
\c@parentequation=\count188
\dspbrk@lvl=\count189
\tag@help=\toks19
\row@=\count190
\column@=\count191
\maxfields@=\count192
\andhelp@=\toks20
\eqnshift@=\dimen141
\alignsep@=\dimen142
\tagshift@=\dimen143
\tagwidth@=\dimen144
\totwidth@=\dimen145
\lineht@=\dimen146
\@envbody=\toks21
\multlinegap=\skip54
\multlinetaggap=\skip55
\mathdisplay@stack=\toks22
LaTeX Info: Redefining \[ on input line 2859.
LaTeX Info: Redefining \] on input line 2860.
)
LaTeX Info: Thecontrolsequence`\('isalreadyrobust on input line 130.
LaTeX Info: Thecontrolsequence`\)'isalreadyrobust on input line 130.
LaTeX Info: Thecontrolsequence`\['isalreadyrobust on input line 130.
LaTeX Info: Thecontrolsequence`\]'isalreadyrobust on input line 130.
\g_MT_multlinerow_int=\count193
\l_MT_multwidth_dim=\dimen147
\origjot=\skip56
\l_MT_shortvdotswithinadjustabove_dim=\dimen148
\l_MT_shortvdotswithinadjustbelow_dim=\dimen149
\l_MT_above_intertext_sep=\dimen150
\l_MT_below_intertext_sep=\dimen151
\l_MT_above_shortintertext_sep=\dimen152
\l_MT_below_shortintertext_sep=\dimen153
\xmathstrut@box=\box48
\xmathstrut@dim=\dimen154
)
(D:\Programms_not_in_C\MIKTEXT\tex/latex/amsfonts\amssymb.sty
Package: amssymb 2013/01/14 v3.01 AMS font symbols

(D:\Programms_not_in_C\MIKTEXT\tex/latex/amsfonts\amsfonts.sty
Package: amsfonts 2013/01/14 v3.01 Basic AMSFonts support
\symAMSa=\mathgroup4
\symAMSb=\mathgroup5
LaTeX Font Info:    Redeclaring math symbol \hbar on input line 98.
LaTeX Font Info:    Overwriting math alphabet `\mathfrak' in version `bold'
(Font)                  U/euf/m/n --> U/euf/b/n on input line 106.
))
(D:\Programms_not_in_C\MIKTEXT\tex/latex/amscls\amsthm.sty
Package: amsthm 2020/05/29 v2.20.6
\thm@style=\toks23
\thm@bodyfont=\toks24
\thm@headfont=\toks25
\thm@notefont=\toks26
\thm@headpunct=\toks27
\thm@preskip=\skip57
\thm@postskip=\skip58
\thm@headsep=\skip59
\dth@everypar=\toks28
)
(D:\Programms_not_in_C\MIKTEXT\tex/latex/cancel\cancel.sty
Package: cancel 2013/04/12 v2.2 Cancel math terms
)
(D:\Programms_not_in_C\MIKTEXT\tex/latex/geometry\geometry.sty
Package: geometry 2020/01/02 v5.9 Page Geometry

(D:\Programms_not_in_C\MIKTEXT\tex/generic/iftex\ifvtex.sty
Package: ifvtex 2019/10/25 v1.7 ifvtex legacy package. Use iftex instead.

(D:\Programms_not_in_C\MIKTEXT\tex/generic/iftex\iftex.sty
Package: iftex 2020/03/06 v1.0d TeX engine tests
))
\Gm@cnth=\count194
\Gm@cntv=\count195
\c@Gm@tempcnt=\count196
\Gm@bindingoffset=\dimen155
\Gm@wd@mp=\dimen156
\Gm@odd@mp=\dimen157
\Gm@even@mp=\dimen158
\Gm@layoutwidth=\dimen159
\Gm@layoutheight=\dimen160
\Gm@layouthoffset=\dimen161
\Gm@layoutvoffset=\dimen162
\Gm@dimlist=\toks29

(D:\Programms_not_in_C\MIKTEXT\tex/latex/geometry\geometry.cfg))
(D:\Programms_not_in_C\MIKTEXT\tex/latex/graphics\graphicx.sty
Package: graphicx 2019/11/30 v1.2a Enhanced LaTeX Graphics (DPC,SPQR)

(D:\Programms_not_in_C\MIKTEXT\tex/latex/graphics\graphics.sty
Package: graphics 2019/11/30 v1.4a Standard LaTeX Graphics (DPC,SPQR)

(D:\Programms_not_in_C\MIKTEXT\tex/latex/graphics\trig.sty
Package: trig 2016/01/03 v1.10 sin cos tan (DPC)
)
(D:\Programms_not_in_C\MIKTEXT\tex/latex/graphics-cfg\graphics.cfg
File: graphics.cfg 2016/06/04 v1.11 sample graphics configuration
)
Package graphics Info: Driver file: pdftex.def on input line 105.

(D:\Programms_not_in_C\MIKTEXT\tex/latex/graphics-def\pdftex.def
File: pdftex.def 2018/01/08 v1.0l Graphics/color driver for pdftex
))
\Gin@req@height=\dimen163
\Gin@req@width=\dimen164
)
(D:\Programms_not_in_C\MIKTEXT\tex/latex/wrapfig\wrapfig.sty
\wrapoverhang=\dimen165
\WF@size=\dimen166
\c@WF@wrappedlines=\count197
\WF@box=\box49
\WF@everypar=\toks30
Package: wrapfig 2003/01/31  v 3.6
)
(D:\Programms_not_in_C\MIKTEXT\tex/latex/caption\caption.sty
Package: caption 2020/05/30 v3.4k Customizing captions (AR)

(D:\Programms_not_in_C\MIKTEXT\tex/latex/caption\caption3.sty
Package: caption3 2020/07/20 v1.12b caption3 kernel (AR)
Package caption3 Info: TeX engine: e-TeX on input line 61.
\captionmargin=\dimen167
\captionmargin@=\dimen168
\captionwidth=\dimen169
\caption@tempdima=\dimen170
\caption@indent=\dimen171
\caption@parindent=\dimen172
\caption@hangindent=\dimen173
Package caption Info: Standard document class detected.
)
\c@caption@flags=\count198
\c@continuedfloat=\count199
Package caption Info: wrapfig package is loaded.
)
(D:\Programms_not_in_C\MIKTEXT\tex/latex/base\textcomp.sty
Package: textcomp 2020/02/02 v2.0n Standard LaTeX package
)
(D:\Programms_not_in_C\MIKTEXT\tex/latex/tabto-ltx\tabto.sty
Package: tabto 2018/12/28  v 1.4  Another tabbing mechanism
\CurrentLineWidth=\dimen174
\TabPrevPos=\dimen175
)
(D:\Programms_not_in_C\MIKTEXT\tex/latex/tools\layout.sty
Package: layout 2014/10/28 v1.2c Show layout parameters
\oneinch=\count266
\cnt@paperwidth=\count267
\cnt@paperheight=\count268
\cnt@hoffset=\count269
\cnt@voffset=\count270
\cnt@textheight=\count271
\cnt@textwidth=\count272
\cnt@topmargin=\count273
\cnt@oddsidemargin=\count274
\cnt@evensidemargin=\count275
\cnt@headheight=\count276
\cnt@headsep=\count277
\cnt@marginparsep=\count278
\cnt@marginparwidth=\count279
\cnt@marginparpush=\count280
\cnt@footskip=\count281
\fheight=\count282
\ref@top=\count283
\ref@hoffset=\count284
\ref@voffset=\count285
\ref@head=\count286
\ref@body=\count287
\ref@foot=\count288
\ref@margin=\count289
\ref@marginwidth=\count290
\ref@marginpar=\count291
\Interval=\count292
\ExtraYPos=\count293
\PositionX=\count294
\PositionY=\count295
\ArrowLength=\count296
)
(D:\Programms_not_in_C\MIKTEXT\tex/latex/tools\bm.sty
Package: bm 2019/07/24 v1.2d Bold Symbol Support (DPC/FMi)
\symboldoperators=\mathgroup6
\symboldletters=\mathgroup7
\symboldsymbols=\mathgroup8
LaTeX Font Info:    Redeclaring math alphabet \mathbf on input line 141.
LaTeX Info: Redefining \bm on input line 209.
)
(D:\Programms_not_in_C\MIKTEXT\tex/latex/minipage-marginpar\minipage-marginpar.
sty
Package: minipage-marginpar 2008/04/07 v0.3 Randnotizen auch in Minipages (PE)
) (D:\Programms_not_in_C\MIKTEXT\tex/latex/xcolor\xcolor.sty
Package: xcolor 2016/05/11 v2.12 LaTeX color extensions (UK)

(D:\Programms_not_in_C\MIKTEXT\tex/latex/graphics-cfg\color.cfg
File: color.cfg 2016/01/02 v1.6 sample color configuration
)
Package xcolor Info: Driver file: pdftex.def on input line 225.
Package xcolor Info: Model `cmy' substituted by `cmy0' on input line 1348.
Package xcolor Info: Model `hsb' substituted by `rgb' on input line 1352.
Package xcolor Info: Model `RGB' extended on input line 1364.
Package xcolor Info: Model `HTML' substituted by `rgb' on input line 1366.
Package xcolor Info: Model `Hsb' substituted by `hsb' on input line 1367.
Package xcolor Info: Model `tHsb' substituted by `hsb' on input line 1368.
Package xcolor Info: Model `HSB' substituted by `hsb' on input line 1369.
Package xcolor Info: Model `Gray' substituted by `gray' on input line 1370.
Package xcolor Info: Model `wave' substituted by `hsb' on input line 1371.

(D:\Programms_not_in_C\MIKTEXT\tex/latex/graphics\dvipsnam.def
File: dvipsnam.def 2016/06/17 v3.0m Driver-dependent file (DPC,SPQR)
))
(D:\Programms_not_in_C\MIKTEXT\tex/latex/hyperref\hyperref.sty
Package: hyperref 2020-05-15 v7.00e Hypertext links for LaTeX

(D:\Programms_not_in_C\MIKTEXT\tex/generic/ltxcmds\ltxcmds.sty
Package: ltxcmds 2020-05-10 v1.25 LaTeX kernel commands for general use (HO)
)
(D:\Programms_not_in_C\MIKTEXT\tex/generic/pdftexcmds\pdftexcmds.sty
Package: pdftexcmds 2020-06-27 v0.33 Utility functions of pdfTeX for LuaTeX (HO
)

(D:\Programms_not_in_C\MIKTEXT\tex/generic/infwarerr\infwarerr.sty
Package: infwarerr 2019/12/03 v1.5 Providing info/warning/error messages (HO)
)
Package pdftexcmds Info: \pdf@primitive is available.
Package pdftexcmds Info: \pdf@ifprimitive is available.
Package pdftexcmds Info: \pdfdraftmode found.
)
(D:\Programms_not_in_C\MIKTEXT\tex/generic/kvsetkeys\kvsetkeys.sty
Package: kvsetkeys 2019/12/15 v1.18 Key value parser (HO)
)
(D:\Programms_not_in_C\MIKTEXT\tex/generic/kvdefinekeys\kvdefinekeys.sty
Package: kvdefinekeys 2019-12-19 v1.6 Define keys (HO)
)
(D:\Programms_not_in_C\MIKTEXT\tex/generic/pdfescape\pdfescape.sty
Package: pdfescape 2019/12/09 v1.15 Implements pdfTeX's escape features (HO)
)
(D:\Programms_not_in_C\MIKTEXT\tex/latex/hycolor\hycolor.sty
Package: hycolor 2020-01-27 v1.10 Color options for hyperref/bookmark (HO)
)
(D:\Programms_not_in_C\MIKTEXT\tex/latex/letltxmacro\letltxmacro.sty
Package: letltxmacro 2019/12/03 v1.6 Let assignment for LaTeX macros (HO)
)
(D:\Programms_not_in_C\MIKTEXT\tex/latex/auxhook\auxhook.sty
Package: auxhook 2019-12-17 v1.6 Hooks for auxiliary files (HO)
)
(D:\Programms_not_in_C\MIKTEXT\tex/latex/kvoptions\kvoptions.sty
Package: kvoptions 2019/11/29 v3.13 Key value format for package options (HO)
)
\@linkdim=\dimen176
\Hy@linkcounter=\count297
\Hy@pagecounter=\count298

(D:\Programms_not_in_C\MIKTEXT\tex/latex/hyperref\pd1enc.def
File: pd1enc.def 2020-05-15 v7.00e Hyperref: PDFDocEncoding definition (HO)
Now handling font encoding PD1 ...
... no UTF-8 mapping file for font encoding PD1
)
(D:\Programms_not_in_C\MIKTEXT\tex/generic/intcalc\intcalc.sty
Package: intcalc 2019/12/15 v1.3 Expandable calculations with integers (HO)
)
(D:\Programms_not_in_C\MIKTEXT\tex/generic/etexcmds\etexcmds.sty
Package: etexcmds 2019/12/15 v1.7 Avoid name clashes with e-TeX commands (HO)
)
\Hy@SavedSpaceFactor=\count299
Package hyperref Info: Hyper figures OFF on input line 4464.
Package hyperref Info: Link nesting OFF on input line 4469.
Package hyperref Info: Hyper index ON on input line 4472.
Package hyperref Info: Plain pages OFF on input line 4479.
Package hyperref Info: Backreferencing OFF on input line 4484.
Package hyperref Info: Implicit mode ON; LaTeX internals redefined.
Package hyperref Info: Bookmarks ON on input line 4717.
\c@Hy@tempcnt=\count300

(D:\Programms_not_in_C\MIKTEXT\tex/latex/url\url.sty
\Urlmuskip=\muskip17
Package: url 2013/09/16  ver 3.4  Verb mode for urls, etc.
)
LaTeX Info: Redefining \url on input line 5076.
\XeTeXLinkMargin=\dimen177

(D:\Programms_not_in_C\MIKTEXT\tex/generic/bitset\bitset.sty
Package: bitset 2019/12/09 v1.3 Handle bit-vector datatype (HO)

(D:\Programms_not_in_C\MIKTEXT\tex/generic/bigintcalc\bigintcalc.sty
Package: bigintcalc 2019/12/15 v1.5 Expandable calculations on big integers (HO
)
))
\Fld@menulength=\count301
\Field@Width=\dimen178
\Fld@charsize=\dimen179
Package hyperref Info: Hyper figures OFF on input line 6347.
Package hyperref Info: Link nesting OFF on input line 6352.
Package hyperref Info: Hyper index ON on input line 6355.
Package hyperref Info: backreferencing OFF on input line 6362.
Package hyperref Info: Link coloring OFF on input line 6367.
Package hyperref Info: Link coloring with OCG OFF on input line 6372.
Package hyperref Info: PDF/A mode OFF on input line 6377.
LaTeX Info: Redefining \ref on input line 6417.
LaTeX Info: Redefining \pageref on input line 6421.

(D:\Programms_not_in_C\MIKTEXT\tex/generic/atbegshi\atbegshi.sty
Package: atbegshi 2019/12/05 v1.19 At begin shipout hook (HO)
)
\Hy@abspage=\count302
\c@Item=\count303
\c@Hfootnote=\count304
)
Package hyperref Info: Driver (autodetected): hpdftex.

(D:\Programms_not_in_C\MIKTEXT\tex/latex/hyperref\hpdftex.def
File: hpdftex.def 2020-05-15 v7.00e Hyperref driver for pdfTeX

(D:\Programms_not_in_C\MIKTEXT\tex/latex/atveryend\atveryend.sty
Package: atveryend 2019-12-11 v1.11 Hooks at the very end of document (HO)
Package atveryend Info: \enddocument detected (standard20110627).
)
\Fld@listcount=\count305
\c@bookmark@seq@number=\count306

(D:\Programms_not_in_C\MIKTEXT\tex/latex/rerunfilecheck\rerunfilecheck.sty
Package: rerunfilecheck 2019/12/05 v1.9 Rerun checks for auxiliary files (HO)

(D:\Programms_not_in_C\MIKTEXT\tex/generic/uniquecounter\uniquecounter.sty
Package: uniquecounter 2019/12/15 v1.4 Provide unlimited unique counter (HO)
)
Package uniquecounter Info: New unique counter `rerunfilecheck' on input line 2
86.
)
\Hy@SectionHShift=\skip60
)
(D:\Programms_not_in_C\MIKTEXT\tex/latex/dutchcal\dutchcal.sty
Package: dutchcal 2011/06/16 v1 U/dutchcal

(D:\Programms_not_in_C\MIKTEXT\tex/latex/xkeyval\xkeyval.sty
Package: xkeyval 2014/12/03 v2.7a package option processing (HA)

(D:\Programms_not_in_C\MIKTEXT\tex/generic/xkeyval\xkeyval.tex
(D:\Programms_not_in_C\MIKTEXT\tex/generic/xkeyval\xkvutils.tex
\XKV@toks=\toks31
\XKV@tempa@toks=\toks32
)
\XKV@depth=\count307
File: xkeyval.tex 2014/12/03 v2.7a key=value parser (HA)
))
LaTeX Font Info:    Redeclaring math alphabet \mathcal on input line 8.
LaTeX Font Info:    Overwriting math alphabet `\mathcal' in version `bold'
(Font)                  U/dutchcal/m/n --> U/dutchcal/b/n on input line 9.
)
(D:\Programms_not_in_C\MIKTEXT\tex/latex/derivative\derivative.sty
(D:\Programms_not_in_C\MIKTEXT\tex/latex/l3packages/xparse\xparse.sty
(D:\Programms_not_in_C\MIKTEXT\tex/latex/l3kernel\expl3.sty
Package: expl3 2020-06-18 L3 programming layer (loader) 

(D:\Programms_not_in_C\MIKTEXT\tex/latex/l3backend\l3backend-pdfmode.def
File: l3backend-pdfmode.def 2020-06-29 L3 backend support: PDF mode
\l__kernel_color_stack_int=\count308
\l__pdf_internal_box=\box50
))
Package: xparse 2020-05-15 L3 Experimental document command parser

(D:\Programms_not_in_C\MIKTEXT\tex/latex/l3packages/xparse\xparse-generic.tex
\l__xparse_current_arg_int=\count309
\g__xparse_grabber_int=\count310
\l__xparse_m_args_int=\count311
\l__xparse_v_nesting_int=\count312
))
Package: derivative 2020/07/20 v0.98 Nice and easy derivatives
\l__deriv_vmo_int=\count313
\l__deriv_tmpa_int=\count314
\l__deriv_numerical_int=\count315
\l__deriv_sort_counter_int=\count316
\l__deriv_sort_max_int=\count317
\l__deriv_position_int=\count318
\l__deriv_rebuild_int=\count319
\l__deriv_odv_sep_inf_ord_muskip=\muskip18
\l__deriv_odv_sep_inf_fun_muskip=\muskip19
\l__deriv_odv_sep_ord_fun_muskip=\muskip20
\l__deriv_odv_sep_var_ord_muskip=\muskip21
\l__deriv_odv_sep_inf_var_muskip=\muskip22
\l__deriv_odv_sep_eval_sb_muskip=\muskip23
\l__deriv_odv_sep_eval_sp_muskip=\muskip24
\l__deriv_mdv_sep_inf_ord_muskip=\muskip25
\l__deriv_mdv_sep_inf_fun_muskip=\muskip26
\l__deriv_mdv_sep_ord_fun_muskip=\muskip27
\l__deriv_mdv_sep_var_ord_muskip=\muskip28
\l__deriv_mdv_sep_inf_var_muskip=\muskip29
\l__deriv_mdv_sep_eval_sb_muskip=\muskip30
\l__deriv_mdv_sep_eval_sp_muskip=\muskip31
\l__deriv_fdv_sep_inf_ord_muskip=\muskip32
\l__deriv_fdv_sep_inf_fun_muskip=\muskip33
\l__deriv_fdv_sep_ord_fun_muskip=\muskip34
\l__deriv_fdv_sep_var_ord_muskip=\muskip35
\l__deriv_fdv_sep_inf_var_muskip=\muskip36
\l__deriv_fdv_sep_eval_sb_muskip=\muskip37
\l__deriv_fdv_sep_eval_sp_muskip=\muskip38
\l__deriv_adv_sep_inf_ord_muskip=\muskip39
\l__deriv_adv_sep_inf_fun_muskip=\muskip40
\l__deriv_adv_sep_ord_fun_muskip=\muskip41
\l__deriv_adv_sep_var_ord_muskip=\muskip42
\l__deriv_adv_sep_inf_var_muskip=\muskip43
\l__deriv_adv_sep_eval_sb_muskip=\muskip44
\l__deriv_adv_sep_eval_sp_muskip=\muskip45
\l__deriv_jdv_sep_inf_ord_muskip=\muskip46
\l__deriv_jdv_sep_inf_fun_muskip=\muskip47
\l__deriv_jdv_sep_ord_fun_muskip=\muskip48
\l__deriv_jdv_sep_var_ord_muskip=\muskip49
\l__deriv_jdv_sep_inf_var_muskip=\muskip50
\l__deriv_jdv_sep_eval_sb_muskip=\muskip51
\l__deriv_jdv_sep_eval_sp_muskip=\muskip52
\l__deriv_pdv_sep_inf_ord_muskip=\muskip53
\l__deriv_pdv_sep_inf_fun_muskip=\muskip54
\l__deriv_pdv_sep_ord_fun_muskip=\muskip55
\l__deriv_pdv_sep_inf_var_muskip=\muskip56
\l__deriv_pdv_sep_var_ord_muskip=\muskip57
\l__deriv_pdv_sep_var_inf_muskip=\muskip58
\l__deriv_pdv_sep_ord_inf_muskip=\muskip59
\l__deriv_pdv_sep_eval_sb_muskip=\muskip60
\l__deriv_pdv_sep_eval_sp_muskip=\muskip61
) (D:\Programms_not_in_C\MIKTEXT\tex/latex/esint\esint.sty
Package: esint 
\symlargesymbolsA=\mathgroup9
)
(D:\Programms_not_in_C\MIKTEXT\tex/latex/caption\subcaption.sty
Package: subcaption 2020/01/22 v1.3d Sub-captions (AR)
\c@subfigure=\count320
\c@subtable=\count321
)
(D:\Programms_not_in_C\MIKTEXT\tex/latex/fancyhdr\fancyhdr.sty
Package: fancyhdr 2022/05/18 v4.0.3 Extensive control of page headers and foote
rs
\f@nch@headwidth=\skip61
\f@nch@O@elh=\skip62
\f@nch@O@erh=\skip63
\f@nch@O@olh=\skip64
\f@nch@O@orh=\skip65
\f@nch@O@elf=\skip66
\f@nch@O@erf=\skip67
\f@nch@O@olf=\skip68
\f@nch@O@orf=\skip69
)
(D:\Programms_not_in_C\MIKTEXT\tex/latex/booktabs\booktabs.sty
Package: booktabs 2020/01/12 v1.61803398 Publication quality tables
\heavyrulewidth=\dimen180
\lightrulewidth=\dimen181
\cmidrulewidth=\dimen182
\belowrulesep=\dimen183
\belowbottomsep=\dimen184
\aboverulesep=\dimen185
\abovetopsep=\dimen186
\cmidrulesep=\dimen187
\cmidrulekern=\dimen188
\defaultaddspace=\dimen189
\@cmidla=\count322
\@cmidlb=\count323
\@aboverulesep=\dimen190
\@belowrulesep=\dimen191
\@thisruleclass=\count324
\@lastruleclass=\count325
\@thisrulewidth=\dimen192
)
(D:\Programms_not_in_C\MIKTEXT\tex/latex/threeparttable\threeparttable.sty
Package: threeparttable 2003/06/13  v 3.0
\@tempboxb=\box51
)
(D:\Programms_not_in_C\MIKTEXT\tex/latex/esdiff\esdiff.sty
Package: esdiff 
)
(D:\Programms_not_in_C\MIKTEXT\tex/latex/lipsum\lipsum.sty
Package: lipsum 2019/01/02 v2.2 150 paragraphs of Lorem Ipsum dummy text

(D:\Programms_not_in_C\MIKTEXT\tex/latex/lipsum\lipsum.ltd.tex
File: lipsum.ltd.tex 2019/01/02 v2.2 The Lorem ipsum dummy text
))
(D:\Programms_not_in_C\MIKTEXT\tex/latex/arydshln\arydshln.sty
Package: arydshln 2019/02/21 v1.76 
\dashlinedash=\dimen193
\dashlinegap=\dimen194
\adl@box=\box52
\adl@height=\dimen195
\adl@heightsave=\dimen196
\adl@depth=\dimen197
\adl@depthsave=\dimen198
\adl@finaldepth=\dimen199
\adl@columns=\count326
\adl@ncol=\count327
\adl@currentcolumn=\count328
\adl@currentcolumnsave=\count329
\adl@totalheight=\count330
\adl@totalheightsave=\count331
\adl@dash=\count332
\adl@gap=\count333
\adl@cla=\count334
\adl@clb=\count335
\adl@everyvbox=\toks33
\adl@LTpagetotal=\dimen256
)
(D:\Programms_not_in_C\MIKTEXT\tex/latex/titlesec\titlesec.sty
Package: titlesec 2021/07/05 v2.14 Sectioning titles
\ttl@box=\box53
\beforetitleunit=\skip70
\aftertitleunit=\skip71
\ttl@plus=\dimen257
\ttl@minus=\dimen258
\ttl@toksa=\toks34
\titlewidth=\dimen259
\titlewidthlast=\dimen260
\titlewidthfirst=\dimen261
)
(D:\Programms_not_in_C\MIKTEXT\tex/latex/listings\listings.sty
\lst@mode=\count336
\lst@gtempboxa=\box54
\lst@token=\toks35
\lst@length=\count337
\lst@currlwidth=\dimen262
\lst@column=\count338
\lst@pos=\count339
\lst@lostspace=\dimen263
\lst@width=\dimen264
\lst@newlines=\count340
\lst@lineno=\count341
\lst@maxwidth=\dimen265

(D:\Programms_not_in_C\MIKTEXT\tex/latex/listings\lstmisc.sty
File: lstmisc.sty 2020/03/24 1.8d (Carsten Heinz)
\c@lstnumber=\count342
\lst@skipnumbers=\count343
\lst@framebox=\box55
)
(D:\Programms_not_in_C\MIKTEXT\tex/latex/listings\listings.cfg
File: listings.cfg 2020/03/24 1.8d listings configuration
))
Package: listings 2020/03/24 1.8d (Carsten Heinz)

(D:\Programms_not_in_C\MIKTEXT\tex/latex/braket\braket.sty)
\c@problem=\count344
\c@definition=\count345
\c@properties=\count346
\c@theorem=\count347
\c@protash=\count348
\c@porisma=\count349
\c@lemma=\count350

(monte_carlo_report.aux)
\openout1 = `monte_carlo_report.aux'.

LaTeX Font Info:    Checking defaults for OML/cmm/m/it on input line 122.
LaTeX Font Info:    ... okay on input line 122.
LaTeX Font Info:    Checking defaults for OMS/cmsy/m/n on input line 122.
LaTeX Font Info:    ... okay on input line 122.
LaTeX Font Info:    Checking defaults for OT1/cmr/m/n on input line 122.
LaTeX Font Info:    ... okay on input line 122.
LaTeX Font Info:    Checking defaults for T1/cmr/m/n on input line 122.
LaTeX Font Info:    ... okay on input line 122.
LaTeX Font Info:    Checking defaults for TS1/cmr/m/n on input line 122.
LaTeX Font Info:    ... okay on input line 122.
LaTeX Font Info:    Checking defaults for OMX/cmex/m/n on input line 122.
LaTeX Font Info:    ... okay on input line 122.
LaTeX Font Info:    Checking defaults for U/cmr/m/n on input line 122.
LaTeX Font Info:    ... okay on input line 122.
LaTeX Font Info:    Checking defaults for LGR/cmr/m/n on input line 122.
LaTeX Font Info:    Trying to load font information for LGR+cmr on input line 1
22.

(D:\Programms_not_in_C\MIKTEXT\tex/latex/cbfonts-fd\lgrcmr.fd
File: lgrcmr.fd 2017/07/29 v1.2 Greek European Computer Regular
)
LaTeX Font Info:    ... okay on input line 122.
LaTeX Font Info:    Checking defaults for PD1/pdf/m/n on input line 122.
LaTeX Font Info:    ... okay on input line 122.

(D:\Programms_not_in_C\MIKTEXT\tex/latex/greek-fontenc\alphabeta-lgr.def
File: alphabeta-lgr 2014/09/04 0.11.2 Composite definitions for 8-bit TeX
)
   defining Unicode char U+0393 (decimal 915)
   defining Unicode char U+0394 (decimal 916)
   defining Unicode char U+0398 (decimal 920)
   defining Unicode char U+039B (decimal 923)
   defining Unicode char U+039E (decimal 926)
   defining Unicode char U+03A0 (decimal 928)
   defining Unicode char U+03A3 (decimal 931)
   defining Unicode char U+03A5 (decimal 933)
   defining Unicode char U+03A6 (decimal 934)
   defining Unicode char U+03A8 (decimal 936)
   defining Unicode char U+03A9 (decimal 937)
   defining Unicode char U+03B1 (decimal 945)
   defining Unicode char U+03B2 (decimal 946)
   defining Unicode char U+03B3 (decimal 947)
   defining Unicode char U+03B4 (decimal 948)
   defining Unicode char U+03B5 (decimal 949)
   defining Unicode char U+03B6 (decimal 950)
   defining Unicode char U+03B7 (decimal 951)
   defining Unicode char U+03B8 (decimal 952)
   defining Unicode char U+03B9 (decimal 953)
   defining Unicode char U+03BA (decimal 954)
   defining Unicode char U+03BB (decimal 955)
   defining Unicode char U+03BC (decimal 956)
   defining Unicode char U+03BD (decimal 957)
   defining Unicode char U+03BE (decimal 958)
   defining Unicode char U+03C0 (decimal 960)
   defining Unicode char U+03C1 (decimal 961)
   defining Unicode char U+03C2 (decimal 962)
   defining Unicode char U+03C3 (decimal 963)
   defining Unicode char U+03C4 (decimal 964)
   defining Unicode char U+03C5 (decimal 965)
   defining Unicode char U+03C6 (decimal 966)
   defining Unicode char U+03C7 (decimal 967)
   defining Unicode char U+03C8 (decimal 968)
   defining Unicode char U+03C9 (decimal 969)
   defining Unicode char U+03D1 (decimal 977)
   defining Unicode char U+03D5 (decimal 981)
   defining Unicode char U+03D6 (decimal 982)
   defining Unicode char U+03DD (decimal 989)
   defining Unicode char U+03F1 (decimal 1009)
   defining Unicode char U+03F5 (decimal 1013)

*geometry* driver: auto-detecting
*geometry* detected driver: pdftex
*geometry* verbose mode - [ preamble ] result:
* driver: pdftex
* paper: a4paper
* layout: <same size as paper>
* layoutoffset:(h,v)=(0.0pt,0.0pt)
* modes: twoside 
* h-part:(L,W,R)=(65.44142pt, 466.62503pt, 65.44142pt)
* v-part:(T,H,B)=(68.28644pt, 708.47397pt, 68.28644pt)
* \paperwidth=597.50787pt
* \paperheight=845.04684pt
* \textwidth=466.62503pt
* \textheight=708.47397pt
* \oddsidemargin=-6.82857pt
* \evensidemargin=-6.82857pt
* \topmargin=-34.05104pt
* \headheight=12.0pt
* \headsep=18.06749pt
* \topskip=10.0pt
* \footskip=25.29494pt
* \marginparwidth=115.0pt
* \marginparsep=7.0pt
* \columnsep=10.0pt
* \skip\footins=9.0pt plus 4.0pt minus 2.0pt
* \hoffset=0.0pt
* \voffset=0.0pt
* \mag=1000
* \@twocolumnfalse
* \@twosidetrue
* \@mparswitchtrue
* \@reversemarginfalse
* (1in=72.27pt=25.4mm, 1cm=28.453pt)

(D:\Programms_not_in_C\MIKTEXT\tex/context/base/mkii\supp-pdf.mkii
[Loading MPS to PDF converter (version 2006.09.02).]
\scratchcounter=\count351
\scratchdimen=\dimen266
\scratchbox=\box56
\nofMPsegments=\count352
\nofMParguments=\count353
\everyMPshowfont=\toks36
\MPscratchCnt=\count354
\MPscratchDim=\dimen267
\MPnumerator=\count355
\makeMPintoPDFobject=\count356
\everyMPtoPDFconversion=\toks37
) (D:\Programms_not_in_C\MIKTEXT\tex/latex/epstopdf-pkg\epstopdf-base.sty
Package: epstopdf-base 2020-01-24 v2.11 Base part for package epstopdf
Package epstopdf-base Info: Redefining graphics rule for `.eps' on input line 4
85.
)
Package caption Info: Begin \AtBeginDocument code.
Package caption Info: hyperref package is loaded.
Package caption Info: listings package is loaded.
Package caption Info: threeparttable package is loaded.
Package caption Info: End \AtBeginDocument code.
\AtBeginShipoutBox=\box57
Package hyperref Info: Link coloring OFF on input line 122.

(D:\Programms_not_in_C\MIKTEXT\tex/latex/hyperref\nameref.sty
Package: nameref 2019/09/16 v2.46 Cross-referencing by name of section

(D:\Programms_not_in_C\MIKTEXT\tex/latex/refcount\refcount.sty
Package: refcount 2019/12/15 v3.6 Data extraction from label references (HO)
)
(D:\Programms_not_in_C\MIKTEXT\tex/generic/gettitlestring\gettitlestring.sty
Package: gettitlestring 2019/12/15 v1.6 Cleanup title references (HO)
)
\c@section@level=\count357
)
LaTeX Info: Redefining \ref on input line 122.
LaTeX Info: Redefining \pageref on input line 122.
LaTeX Info: Redefining \nameref on input line 122.

(monte_carlo_report.out) (monte_carlo_report.out)
\@outlinefile=\write3
\openout3 = `monte_carlo_report.out'.

\c@lstlisting=\count358
<logo1.png.png, id=3, 290.08376pt x 91.34125pt>
File: logo1.png.png Graphic file (type png)
<use logo1.png.png>
Package pdftex.def Info: logo1.png.png  used on input line 130.
(pdftex.def)             Requested size: 227.62204pt x 71.67375pt.

Underfull \hbox (badness 10000) in paragraph at lines 130--131

 []

LaTeX Font Info:    Trying to load font information for U+msa on input line 144
.
(D:\Programms_not_in_C\MIKTEXT\tex/latex/amsfonts\umsa.fd
File: umsa.fd 2013/01/14 v3.01 AMS symbols A
)
LaTeX Font Info:    Trying to load font information for U+msb on input line 144
.

(D:\Programms_not_in_C\MIKTEXT\tex/latex/amsfonts\umsb.fd
File: umsb.fd 2013/01/14 v3.01 AMS symbols B
)
LaTeX Font Info:    Trying to load font information for U+esint on input line 1
44.

(D:\Programms_not_in_C\MIKTEXT\tex/latex/esint\uesint.fd
File: uesint.fd 
) [1


{C:/Users/ssppy/AppData/Local/MiKTeX/pdftex/config/pdftex.map} <./logo1.png.png
>]
<Q1/H_N50_b10.jpg, id=20, 702.625pt x 526.96875pt>
File: Q1/H_N50_b10.jpg Graphic file (type jpg)
<use Q1/H_N50_b10.jpg>
Package pdftex.def Info: Q1/H_N50_b10.jpg  used on input line 178.
(pdftex.def)             Requested size: 170.71652pt x 128.035pt.
<Q1/H_N100_b10.jpg, id=21, 702.625pt x 526.96875pt>
File: Q1/H_N100_b10.jpg Graphic file (type jpg)
<use Q1/H_N100_b10.jpg>
Package pdftex.def Info: Q1/H_N100_b10.jpg  used on input line 180.
(pdftex.def)             Requested size: 170.71652pt x 128.035pt.
<Q1/H_N1000_b10.jpg, id=22, 702.625pt x 526.96875pt>
File: Q1/H_N1000_b10.jpg Graphic file (type jpg)
<use Q1/H_N1000_b10.jpg>
Package pdftex.def Info: Q1/H_N1000_b10.jpg  used on input line 182.
(pdftex.def)             Requested size: 170.71652pt x 128.035pt.
<Q1/H_N10000_b10.jpg, id=23, 702.625pt x 526.96875pt>
File: Q1/H_N10000_b10.jpg Graphic file (type jpg)
<use Q1/H_N10000_b10.jpg>
Package pdftex.def Info: Q1/H_N10000_b10.jpg  used on input line 184.
(pdftex.def)             Requested size: 170.71652pt x 128.035pt.
<Q1/H_N100000_b10.jpg, id=24, 702.625pt x 526.96875pt>
File: Q1/H_N100000_b10.jpg Graphic file (type jpg)
<use Q1/H_N100000_b10.jpg>
Package pdftex.def Info: Q1/H_N100000_b10.jpg  used on input line 186.
(pdftex.def)             Requested size: 170.71652pt x 128.035pt.

Overfull \hbox (3.12297pt too wide) in paragraph at lines 175--191
\LGR/cmr/m/n/10 kai metabˆl-loume ton ar-i-jmì twn tuqaÐwn ar-i-jm¸n $\OML/cmm/
m/it/10 Nrand \OT1/cmr/m/n/10 = \OMS/cmsy/m/n/10 f\OT1/cmr/m/n/10 50\OML/cmm/m/
it/10 ; \OT1/cmr/m/n/10 100\OML/cmm/m/it/10 ; \OT1/cmr/m/n/10 1000\OML/cmm/m/it
/10 ; \OT1/cmr/m/n/10 10000\OML/cmm/m/it/10 ; \OT1/cmr/m/n/10 100000\OML/cmm/m/
it/10 ; \OT1/cmr/m/n/10 100000\OMS/cmsy/m/n/10 g$\OT1/cmr/m/n/10 .
 []

<Q1/H_N50_b100.jpg, id=26, 702.625pt x 526.96875pt>
File: Q1/H_N50_b100.jpg Graphic file (type jpg)
<use Q1/H_N50_b100.jpg>
Package pdftex.def Info: Q1/H_N50_b100.jpg  used on input line 194.
(pdftex.def)             Requested size: 170.71652pt x 128.035pt.
<Q1/H_N100_b100.jpg, id=27, 702.625pt x 526.96875pt>
File: Q1/H_N100_b100.jpg Graphic file (type jpg)
<use Q1/H_N100_b100.jpg>
Package pdftex.def Info: Q1/H_N100_b100.jpg  used on input line 196.
(pdftex.def)             Requested size: 170.71652pt x 128.035pt.
<Q1/H_N1000_b100.jpg, id=28, 702.625pt x 526.96875pt>
File: Q1/H_N1000_b100.jpg Graphic file (type jpg)
<use Q1/H_N1000_b100.jpg>
Package pdftex.def Info: Q1/H_N1000_b100.jpg  used on input line 198.
(pdftex.def)             Requested size: 170.71652pt x 128.035pt.
<Q1/H_N10000_b100.jpg, id=29, 702.625pt x 526.96875pt>
File: Q1/H_N10000_b100.jpg Graphic file (type jpg)
<use Q1/H_N10000_b100.jpg>
Package pdftex.def Info: Q1/H_N10000_b100.jpg  used on input line 200.
(pdftex.def)             Requested size: 170.71652pt x 128.035pt.
<Q1/H_N100000_b100.jpg, id=30, 702.625pt x 526.96875pt>
File: Q1/H_N100000_b100.jpg Graphic file (type jpg)
<use Q1/H_N100000_b100.jpg>
Package pdftex.def Info: Q1/H_N100000_b100.jpg  used on input line 202.
(pdftex.def)             Requested size: 170.71652pt x 128.035pt.
<Q1/H_N1000000_b100.jpg, id=31, 702.625pt x 526.96875pt>
File: Q1/H_N1000000_b100.jpg Graphic file (type jpg)
<use Q1/H_N1000000_b100.jpg>
Package pdftex.def Info: Q1/H_N1000000_b100.jpg  used on input line 204.
(pdftex.def)             Requested size: 170.71652pt x 128.035pt.

LaTeX Warning: `!h' float specifier changed to `!ht'.

[2 <./Q1/H_N50_b10.jpg> <./Q1/H_N100_b10.jpg> <./Q1/H_N1000_b10.jpg> <./Q1/H_N1
0000_b10.jpg> <./Q1/H_N100000_b10.jpg>]
<Q1/G_N50_b10.jpg, id=51, 702.625pt x 526.96875pt>
File: Q1/G_N50_b10.jpg Graphic file (type jpg)
<use Q1/G_N50_b10.jpg>
Package pdftex.def Info: Q1/G_N50_b10.jpg  used on input line 216.
(pdftex.def)             Requested size: 142.26378pt x 106.6945pt.
<Q1/G_N100_b10.jpg, id=52, 702.625pt x 526.96875pt>
File: Q1/G_N100_b10.jpg Graphic file (type jpg)
<use Q1/G_N100_b10.jpg>
Package pdftex.def Info: Q1/G_N100_b10.jpg  used on input line 218.
(pdftex.def)             Requested size: 142.26378pt x 106.6945pt.
<Q1/G_N1000_b10.jpg, id=53, 702.625pt x 526.96875pt>
File: Q1/G_N1000_b10.jpg Graphic file (type jpg)
<use Q1/G_N1000_b10.jpg>
Package pdftex.def Info: Q1/G_N1000_b10.jpg  used on input line 220.
(pdftex.def)             Requested size: 142.26378pt x 106.6945pt.
<Q1/G_N10000_b10.jpg, id=54, 702.625pt x 526.96875pt>
File: Q1/G_N10000_b10.jpg Graphic file (type jpg)
<use Q1/G_N10000_b10.jpg>
Package pdftex.def Info: Q1/G_N10000_b10.jpg  used on input line 222.
(pdftex.def)             Requested size: 142.26378pt x 106.6945pt.
<Q1/G_N100000_b10.jpg, id=55, 702.625pt x 526.96875pt>
File: Q1/G_N100000_b10.jpg Graphic file (type jpg)
<use Q1/G_N100000_b10.jpg>
Package pdftex.def Info: Q1/G_N100000_b10.jpg  used on input line 224.
(pdftex.def)             Requested size: 142.26378pt x 106.6945pt.


LaTeX Warning: `!h' float specifier changed to `!ht'.

<Q1/G_N50_b100.jpg, id=56, 702.625pt x 526.96875pt>
File: Q1/G_N50_b100.jpg Graphic file (type jpg)
<use Q1/G_N50_b100.jpg>
Package pdftex.def Info: Q1/G_N50_b100.jpg  used on input line 231.
(pdftex.def)             Requested size: 170.71652pt x 128.035pt.
<Q1/G_N100_b100.jpg, id=57, 702.625pt x 526.96875pt>
File: Q1/G_N100_b100.jpg Graphic file (type jpg)
<use Q1/G_N100_b100.jpg>
Package pdftex.def Info: Q1/G_N100_b100.jpg  used on input line 233.
(pdftex.def)             Requested size: 170.71652pt x 128.035pt.
<Q1/G_N1000_b100.jpg, id=58, 702.625pt x 526.96875pt>
File: Q1/G_N1000_b100.jpg Graphic file (type jpg)
<use Q1/G_N1000_b100.jpg>
Package pdftex.def Info: Q1/G_N1000_b100.jpg  used on input line 235.
(pdftex.def)             Requested size: 170.71652pt x 128.035pt.
<Q1/G_N10000_b100.jpg, id=59, 702.625pt x 526.96875pt>
File: Q1/G_N10000_b100.jpg Graphic file (type jpg)
<use Q1/G_N10000_b100.jpg>
Package pdftex.def Info: Q1/G_N10000_b100.jpg  used on input line 237.
(pdftex.def)             Requested size: 170.71652pt x 128.035pt.
<Q1/G_N100000_b100.jpg, id=60, 702.625pt x 526.96875pt>
File: Q1/G_N100000_b100.jpg Graphic file (type jpg)
<use Q1/G_N100000_b100.jpg>
Package pdftex.def Info: Q1/G_N100000_b100.jpg  used on input line 239.
(pdftex.def)             Requested size: 170.71652pt x 128.035pt.

LaTeX Warning: `!h' float specifier changed to `!ht'.


Underfull \vbox (badness 2237) has occurred while \output is active []

 [3 <./Q1/H_N50_b100.jpg> <./Q1/H_N100_b100.jpg> <./Q1/H_N1000_b100.jpg> <./Q1/
H_N10000_b100.jpg> <./Q1/H_N100000_b100.jpg> <./Q1/H_N1000000_b100.jpg>] [4 <./
Q1/G_N50_b10.jpg> <./Q1/G_N100_b10.jpg> <./Q1/G_N1000_b10.jpg> <./Q1/G_N10000_b
10.jpg> <./Q1/G_N100000_b10.jpg>]
<Q2/nrand-pi4.jpg, id=78, 702.625pt x 526.96875pt>
File: Q2/nrand-pi4.jpg Graphic file (type jpg)
<use Q2/nrand-pi4.jpg>
Package pdftex.def Info: Q2/nrand-pi4.jpg  used on input line 279.
(pdftex.def)             Requested size: 281.04501pt x 210.78375pt.


LaTeX Warning: `!h' float specifier changed to `!ht'.

[5 <./Q1/G_N50_b100.jpg> <./Q1/G_N100_b100.jpg> <./Q1/G_N1000_b100.jpg> <./Q1/G
_N10000_b100.jpg> <./Q1/G_N100000_b100.jpg>]
(D:\Programms_not_in_C\MIKTEXT\tex/latex/listings\lstlang1.sty
File: lstlang1.sty 2020/03/24 1.8d listings language file
) [6 <./Q2/nrand-pi4.jpg>]
Overfull \hbox (66.7024pt too wide) in paragraph at lines 359--370
 [][] 
 []

<Q3/nrand_50.jpg, id=140, 702.625pt x 526.96875pt>
File: Q3/nrand_50.jpg Graphic file (type jpg)
<use Q3/nrand_50.jpg>
Package pdftex.def Info: Q3/nrand_50.jpg  used on input line 393.
(pdftex.def)             Requested size: 213.39566pt x 160.04578pt.
<Q3/nrand_10e3.jpg, id=141, 702.625pt x 526.96875pt>
File: Q3/nrand_10e3.jpg Graphic file (type jpg)
<use Q3/nrand_10e3.jpg>
Package pdftex.def Info: Q3/nrand_10e3.jpg  used on input line 395.
(pdftex.def)             Requested size: 213.39566pt x 160.04578pt.
<Q3/nrand_10e6.jpg, id=142, 702.625pt x 526.96875pt>
File: Q3/nrand_10e6.jpg Graphic file (type jpg)
<use Q3/nrand_10e6.jpg>
Package pdftex.def Info: Q3/nrand_10e6.jpg  used on input line 397.
(pdftex.def)             Requested size: 213.39566pt x 160.04578pt.

LaTeX Warning: `!h' float specifier changed to `!ht'.

[7]
<Q4/nrand-pi4_correct.jpg, id=183, 702.625pt x 526.96875pt>
File: Q4/nrand-pi4_correct.jpg Graphic file (type jpg)
<use Q4/nrand-pi4_correct.jpg>
Package pdftex.def Info: Q4/nrand-pi4_correct.jpg  used on input line 462.
(pdftex.def)             Requested size: 281.04501pt x 210.78375pt.


LaTeX Warning: `!h' float specifier changed to `!ht'.

[8 <./Q3/nrand_50.jpg> <./Q3/nrand_10e3.jpg> <./Q3/nrand_10e6.jpg>] [9 <./Q4/nr
and-pi4_correct.jpg>]
<Q5/bins_10.jpg, id=246, 702.625pt x 526.96875pt>
File: Q5/bins_10.jpg Graphic file (type jpg)
<use Q5/bins_10.jpg>
Package pdftex.def Info: Q5/bins_10.jpg  used on input line 537.
(pdftex.def)             Requested size: 199.16928pt x 149.37552pt.
<Q5/bins_100.jpg, id=247, 702.625pt x 526.96875pt>
File: Q5/bins_100.jpg Graphic file (type jpg)
<use Q5/bins_100.jpg>
Package pdftex.def Info: Q5/bins_100.jpg  used on input line 539.
(pdftex.def)             Requested size: 199.16928pt x 149.37552pt.

Underfull \vbox (badness 1546) has occurred while \output is active []

 [10 <./Q5/bins_10.jpg> <./Q5/bins_100.jpg>] [11]
<Q6/nrand-pi4.jpg, id=307, 702.625pt x 526.96875pt>
File: Q6/nrand-pi4.jpg Graphic file (type jpg)
<use Q6/nrand-pi4.jpg>
Package pdftex.def Info: Q6/nrand-pi4.jpg  used on input line 659.
(pdftex.def)             Requested size: 281.04501pt x 210.78375pt.
<Q6/compare_1.jpg, id=312, 702.625pt x 526.96875pt>
File: Q6/compare_1.jpg Graphic file (type jpg)
<use Q6/compare_1.jpg>
Package pdftex.def Info: Q6/compare_1.jpg  used on input line 670.
(pdftex.def)             Requested size: 316.17833pt x 237.13374pt.


LaTeX Warning: `!h' float specifier changed to `!ht'.

<Q6/compare_2.jpg, id=313, 702.625pt x 526.96875pt>
File: Q6/compare_2.jpg Graphic file (type jpg)
<use Q6/compare_2.jpg>
Package pdftex.def Info: Q6/compare_2.jpg  used on input line 678.
(pdftex.def)             Requested size: 351.31163pt x 263.48372pt.

LaTeX Warning: `!h' float specifier changed to `!ht'.

Package atveryend Info: Empty hook `BeforeClearDocument' on input line 688.
[12 <./Q6/nrand-pi4.jpg>] [13 <./Q6/compare_1.jpg> <./Q6/compare_2.jpg>]
Package atveryend Info: Empty hook `AfterLastShipout' on input line 688.

(monte_carlo_report.aux)
Package atveryend Info: Executing hook `AtVeryEndDocument' on input line 688.
Package atveryend Info: Executing hook `AtEndAfterFileList' on input line 688.
Package rerunfilecheck Info: File `monte_carlo_report.out' has not changed.
(rerunfilecheck)             Checksum: D41D8CD98F00B204E9800998ECF8427E;0.
Package atveryend Info: Empty hook `AtVeryVeryEnd' on input line 688.
 ) 
Here is how much of TeX's memory you used:
 16931 strings out of 480790
 284117 string characters out of 2904292
 996270 words of memory out of 3000000
 32380 multiletter control sequences out of 15000+200000
 552389 words of font info for 84 fonts, out of 3000000 for 9000
 1141 hyphenation exceptions out of 8191
 43i,13n,87p,1553b,2595s stack positions out of 5000i,500n,10000p,200000b,50000s
 <C:\Users\ssppy\AppData\Local\MiKTeX\fonts/pk/ljfour/public/esint/dpi600\esi
nt10.pk>{D:/Programms_not_in_C/MIKTEXT/fonts/enc/dvips/cm-super/cm-super-ts1.en
c}<D:/Programms_not_in_C/MIKTEXT/fonts/type1/public/amsfonts/cm/cmbx10.pfb><D:/
Programms_not_in_C/MIKTEXT/fonts/type1/public/amsfonts/cm/cmbx12.pfb><D:/Progra
mms_not_in_C/MIKTEXT/fonts/type1/public/amsfonts/cm/cmex10.pfb><D:/Programms_no
t_in_C/MIKTEXT/fonts/type1/public/amsfonts/cm/cmmi10.pfb><D:/Programms_not_in_C
/MIKTEXT/fonts/type1/public/amsfonts/cm/cmmi7.pfb><D:/Programms_not_in_C/MIKTEX
T/fonts/type1/public/amsfonts/cm/cmmi9.pfb><D:/Programms_not_in_C/MIKTEXT/fonts
/type1/public/amsfonts/cm/cmr10.pfb><D:/Programms_not_in_C/MIKTEXT/fonts/type1/
public/amsfonts/cm/cmr12.pfb><D:/Programms_not_in_C/MIKTEXT/fonts/type1/public/
amsfonts/cm/cmr5.pfb><D:/Programms_not_in_C/MIKTEXT/fonts/type1/public/amsfonts
/cm/cmr6.pfb><D:/Programms_not_in_C/MIKTEXT/fonts/type1/public/amsfonts/cm/cmr7
.pfb><D:/Programms_not_in_C/MIKTEXT/fonts/type1/public/amsfonts/cm/cmr9.pfb><D:
/Programms_not_in_C/MIKTEXT/fonts/type1/public/amsfonts/cm/cmsy10.pfb><D:/Progr
amms_not_in_C/MIKTEXT/fonts/type1/public/amsfonts/cm/cmsy5.pfb><D:/Programms_no
t_in_C/MIKTEXT/fonts/type1/public/amsfonts/cm/cmsy7.pfb><D:/Programms_not_in_C/
MIKTEXT/fonts/type1/public/amsfonts/cm/cmti12.pfb><D:/Programms_not_in_C/MIKTEX
T/fonts/type1/public/amsfonts/cm/cmtt8.pfb><D:/Programms_not_in_C/MIKTEXT/fonts
/type1/public/cbgreek/grmi1200.pfb><D:/Programms_not_in_C/MIKTEXT/fonts/type1/p
ublic/cbgreek/grmn1000.pfb><D:/Programms_not_in_C/MIKTEXT/fonts/type1/public/cb
greek/grmn1200.pfb><D:/Programms_not_in_C/MIKTEXT/fonts/type1/public/cbgreek/gr
mo1200.pfb><D:/Programms_not_in_C/MIKTEXT/fonts/type1/public/cbgreek/grmo1440.p
fb><D:/Programms_not_in_C/MIKTEXT/fonts/type1/public/cbgreek/grxn1000.pfb><D:/P
rogramms_not_in_C/MIKTEXT/fonts/type1/public/cbgreek/grxn2074.pfb><D:/Programms
_not_in_C/MIKTEXT/fonts/type1/public/cm-super/sfrm1000.pfb>
Output written on monte_carlo_report.pdf (13 pages, 1411725 bytes).
PDF statistics:
 468 PDF objects out of 1000 (max. 8388607)
 214 named destinations out of 1000 (max. 500000)
 161 words of extra memory for PDF output out of 10000 (max. 10000000)

